

Microchip Technology PIC LITE Macro Assembler V1.41 build -162212810 
                                                                                               Thu Feb 24 17:29:49 2022

Microchip Technology Omniscient Code Generator v1.41 (Free mode) build 201701250102
     1                           	processor	16F887
     2                           	opt	pw 120
     3                           	opt	lm
     4                           	psect	cinit,global,class=CODE,merge=1,delta=2
     5                           	psect	bssBANK0,global,class=BANK0,space=1,delta=1
     6                           	psect	cstackCOMMON,global,class=COMMON,space=1,delta=1
     7                           	psect	cstackBANK0,global,class=BANK0,space=1,delta=1
     8                           	psect	maintext,global,class=CODE,split=1,delta=2
     9                           	psect	text1,local,class=CODE,merge=1,delta=2
    10                           	psect	intentry,global,class=CODE,delta=2
    11                           	psect	text2,local,class=CODE,merge=1,delta=2,group=2
    12                           	psect	text3,local,class=CODE,merge=1,delta=2,group=2
    13                           	dabs	1,0x7E,2
    14  0000                     
    15                           ; Version 1.41
    16                           ; Generated 25/01/2017 GMT
    17                           ; 
    18                           ; Copyright © 2017, Microchip Technology Inc. and its subsidiaries ("Microchip")
    19                           ; All rights reserved.
    20                           ; 
    21                           ; This software is developed by Microchip Technology Inc. and its subsidiaries ("Microch
      +                          ip").
    22                           ; 
    23                           ; Redistribution and use in source and binary forms, with or without modification, are
    24                           ; permitted provided that the following conditions are met:
    25                           ; 
    26                           ;     1. Redistributions of source code must retain the above copyright notice, this lis
      +                          t of
    27                           ;        conditions and the following disclaimer.
    28                           ; 
    29                           ;     2. Redistributions in binary form must reproduce the above copyright notice, this 
      +                          list
    30                           ;        of conditions and the following disclaimer in the documentation and/or other
    31                           ;        materials provided with the distribution.
    32                           ; 
    33                           ;     3. Microchip's name may not be used to endorse or promote products derived from th
      +                          is
    34                           ;        software without specific prior written permission.
    35                           ; 
    36                           ; THIS SOFTWARE IS PROVIDED BY MICROCHIP "AS IS" AND ANY EXPRESS OR IMPLIED WARRANTIES,
    37                           ; INCLUDING, BUT NOT LIMITED TO, THE IMPLIED WARRANTIES OF MERCHANTABILITY AND FITNESS F
      +                          OR
    38                           ; PURPOSE ARE DISCLAIMED.  IN NO EVENT SHALL MICROCHIP BE LIABLE FOR ANY DIRECT, INDIREC
      +                          T,
    39                           ; INCIDENTAL, SPECIAL, EXEMPLARY, OR CONSEQUENTIAL DAMAGES (INCLUDING BUT NOT LIMITED TO
    40                           ; PROCUREMENT OF SUBSTITUTE GOODS OR SERVICES; LOSS OF USE, DATA OR PROFITS; OR BUSINESS
    41                           ; INTERRUPTION) HOWSOEVER CAUSED AND ON ANY THEORY OF LIABILITY, WHETHER IN CONTRACT, ST
      +                          RICT
    42                           ; LIABILITY, OR TORT (INCLUDING NEGLIGENCE OR OTHERWISE) ARISING IN ANY WAY OUT OF THE U
      +                          SE OF
    43                           ; THIS SOFTWARE, EVEN IF ADVISED OF THE POSSIBILITY OF SUCH DAMAGE.
    44                           ; 
    45                           ; 
    46                           ; Code-generator required, PIC16F887 Definitions
    47                           ; 
    48                           ; SFR Addresses
    49  0000                     	;# 
    50  0001                     	;# 
    51  0002                     	;# 
    52  0003                     	;# 
    53  0004                     	;# 
    54  0005                     	;# 
    55  0006                     	;# 
    56  0007                     	;# 
    57  0008                     	;# 
    58  0009                     	;# 
    59  000A                     	;# 
    60  000B                     	;# 
    61  000C                     	;# 
    62  000D                     	;# 
    63  000E                     	;# 
    64  000E                     	;# 
    65  000F                     	;# 
    66  0010                     	;# 
    67  0011                     	;# 
    68  0012                     	;# 
    69  0013                     	;# 
    70  0014                     	;# 
    71  0015                     	;# 
    72  0015                     	;# 
    73  0016                     	;# 
    74  0017                     	;# 
    75  0018                     	;# 
    76  0019                     	;# 
    77  001A                     	;# 
    78  001B                     	;# 
    79  001B                     	;# 
    80  001C                     	;# 
    81  001D                     	;# 
    82  001E                     	;# 
    83  001F                     	;# 
    84  0081                     	;# 
    85  0085                     	;# 
    86  0086                     	;# 
    87  0087                     	;# 
    88  0088                     	;# 
    89  0089                     	;# 
    90  008C                     	;# 
    91  008D                     	;# 
    92  008E                     	;# 
    93  008F                     	;# 
    94  0090                     	;# 
    95  0091                     	;# 
    96  0092                     	;# 
    97  0093                     	;# 
    98  0093                     	;# 
    99  0093                     	;# 
   100  0094                     	;# 
   101  0095                     	;# 
   102  0096                     	;# 
   103  0097                     	;# 
   104  0098                     	;# 
   105  0099                     	;# 
   106  009A                     	;# 
   107  009B                     	;# 
   108  009C                     	;# 
   109  009D                     	;# 
   110  009E                     	;# 
   111  009F                     	;# 
   112  0105                     	;# 
   113  0107                     	;# 
   114  0108                     	;# 
   115  0109                     	;# 
   116  010C                     	;# 
   117  010C                     	;# 
   118  010D                     	;# 
   119  010E                     	;# 
   120  010F                     	;# 
   121  0185                     	;# 
   122  0187                     	;# 
   123  0188                     	;# 
   124  0189                     	;# 
   125  018C                     	;# 
   126  018D                     	;# 
   127  0008                     _PORTD	set	8
   128  0005                     _PORTAbits	set	5
   129  000C                     _PIR1bits	set	12
   130  000E                     _TMR1L	set	14
   131  000F                     _TMR1H	set	15
   132  0010                     _T1CONbits	set	16
   133  000B                     _INTCONbits	set	11
   134  0088                     _TRISD	set	136
   135  008C                     _PIE1bits	set	140
   136  0429                     _TRISA1	set	1065
   137  0428                     _TRISA0	set	1064
   138  0188                     _ANSEL	set	392
   139                           
   140                           ; #config settings
   141  0000                     
   142                           	psect	cinit
   143  0015                     start_initialization:	
   144  0015                     __initialization:	
   145                           
   146                           ; Clear objects allocated to BANK0
   147  0015  1283               	bcf	3,5	;RP0=0, select bank0
   148  0016  1303               	bcf	3,6	;RP1=0, select bank0
   149  0017  01AB               	clrf	__pbssBANK0& (0+127)
   150  0018  01AC               	clrf	(__pbssBANK0+1)& (0+127)
   151  0019  01AD               	clrf	(__pbssBANK0+2)& (0+127)
   152  001A  01AE               	clrf	(__pbssBANK0+3)& (0+127)
   153  001B  01AF               	clrf	(__pbssBANK0+4)& (0+127)
   154  001C                     end_of_initialization:	
   155                           ;End of C runtime variable initialization code
   156                           
   157  001C                     __end_of__initialization:	
   158  001C  0183               	clrf	3
   159  001D  120A  118A  2917   	ljmp	_main	;jump to C main() function
   160                           
   161                           	psect	bssBANK0
   162  002B                     __pbssBANK0:	
   163  002B                     _counter_segundos:	
   164  002B                     	ds	2
   165  002D                     _counter_20ms:	
   166  002D                     	ds	1
   167  002E                     _counter_digito:	
   168  002E                     	ds	1
   169  002F                     _flag_run:	
   170  002F                     	ds	1
   171                           
   172                           	psect	cstackCOMMON
   173  0070                     __pcstackCOMMON:	
   174  0070                     ?_ISR_TIMER_1:	
   175  0070                     ?_main:	
   176                           ; 1 bytes @ 0x0
   177                           
   178  0070                     ?___lwdiv:	
   179                           ; 2 bytes @ 0x0
   180                           
   181  0070                     ___lwdiv@divisor:	
   182                           ; 2 bytes @ 0x0
   183                           
   184                           
   185                           ; 2 bytes @ 0x0
   186  0070                     	ds	2
   187  0072                     ___lwdiv@dividend:	
   188                           
   189                           ; 2 bytes @ 0x2
   190  0072                     	ds	2
   191  0074                     ??___lwdiv:	
   192                           
   193                           ; 1 bytes @ 0x4
   194  0074                     	ds	1
   195  0075                     ___lwdiv@quotient:	
   196                           
   197                           ; 2 bytes @ 0x5
   198  0075                     	ds	2
   199  0077                     ___lwdiv@counter:	
   200                           
   201                           ; 1 bytes @ 0x7
   202  0077                     	ds	1
   203  0078                     ?___lwmod:	
   204  0078                     ___lwmod@divisor:	
   205                           ; 2 bytes @ 0x8
   206                           
   207                           
   208                           ; 2 bytes @ 0x8
   209  0078                     	ds	2
   210  007A                     ___lwmod@dividend:	
   211                           
   212                           ; 2 bytes @ 0xA
   213  007A                     	ds	2
   214  007C                     ??___lwmod:	
   215                           
   216                           ; 1 bytes @ 0xC
   217  007C                     	ds	1
   218  007D                     ___lwmod@counter:	
   219                           
   220                           ; 1 bytes @ 0xD
   221  007D                     	ds	1
   222                           
   223                           	psect	cstackBANK0
   224  0020                     __pcstackBANK0:	
   225  0020                     ??_ISR_TIMER_1:	
   226                           
   227                           ; 1 bytes @ 0x0
   228  0020                     	ds	5
   229  0025                     _ISR_TIMER_1$593:	
   230                           
   231                           ; 2 bytes @ 0x5
   232  0025                     	ds	2
   233  0027                     _ISR_TIMER_1$594:	
   234                           
   235                           ; 2 bytes @ 0x7
   236  0027                     	ds	2
   237  0029                     ??_main:	
   238                           
   239                           ; 1 bytes @ 0x9
   240  0029                     	ds	2
   241                           
   242                           	psect	maintext
   243  0117                     __pmaintext:	
   244 ;;
   245 ;;Main: autosize = 0, tempsize = 2, incstack = 0, save=0
   246 ;;
   247 ;; *************** function _main *****************
   248 ;; Defined at:
   249 ;;		line 30 in file "reloj.c"
   250 ;; Parameters:    Size  Location     Type
   251 ;;		None
   252 ;; Auto vars:     Size  Location     Type
   253 ;;		None
   254 ;; Return value:  Size  Location     Type
   255 ;;                  2   36[None  ] int 
   256 ;; Registers used:
   257 ;;		wreg, status,2, status,0
   258 ;; Tracked objects:
   259 ;;		On entry : B00/0
   260 ;;		On exit  : 0/0
   261 ;;		Unchanged: 0/0
   262 ;; Data sizes:     COMMON   BANK0   BANK1   BANK3   BANK2
   263 ;;      Params:         0       0       0       0       0
   264 ;;      Locals:         0       0       0       0       0
   265 ;;      Temps:          0       2       0       0       0
   266 ;;      Totals:         0       2       0       0       0
   267 ;;Total ram usage:        2 bytes
   268 ;; Hardware stack levels required when called:    2
   269 ;; This function calls:
   270 ;;		Nothing
   271 ;; This function is called by:
   272 ;;		Startup code after reset
   273 ;; This function uses a non-reentrant model
   274 ;;
   275                           
   276                           
   277                           ;psect for function _main
   278  0117                     _main:	
   279                           
   280                           ;reloj.c: 31: INTCONbits.GIE = 0;
   281                           
   282                           ;incstack = 0
   283                           ; Regs used in _main: [wreg+status,2+status,0]
   284  0117  138B               	bcf	11,7	;volatile
   285                           
   286                           ;reloj.c: 33: T1CONbits.TMR1CS = 0;
   287  0118  1283               	bcf	3,5	;RP0=0, select bank0
   288  0119  1303               	bcf	3,6	;RP1=0, select bank0
   289  011A  1090               	bcf	16,1	;volatile
   290                           
   291                           ;reloj.c: 34: T1CONbits.T1CKPS = 0b01;
   292  011B  0810               	movf	16,w	;volatile
   293  011C  39CF               	andlw	-49
   294  011D  3810               	iorlw	16
   295  011E  0090               	movwf	16	;volatile
   296                           
   297                           ;reloj.c: 35: TMR1H = 0xD8;
   298  011F  30D8               	movlw	216
   299  0120  008F               	movwf	15	;volatile
   300                           
   301                           ;reloj.c: 36: TMR1L = 0xEF;
   302  0121  30EF               	movlw	239
   303  0122  008E               	movwf	14	;volatile
   304                           
   305                           ;reloj.c: 37: T1CONbits.TMR1ON = 1;
   306  0123  1410               	bsf	16,0	;volatile
   307                           
   308                           ;reloj.c: 38: PIR1bits.TMR1IF = 0;
   309  0124  100C               	bcf	12,0	;volatile
   310                           
   311                           ;reloj.c: 39: PIE1bits.TMR1IE = 1;
   312  0125  1683               	bsf	3,5	;RP0=1, select bank1
   313  0126  1303               	bcf	3,6	;RP1=0, select bank1
   314  0127  140C               	bsf	12,0	;volatile
   315                           
   316                           ;reloj.c: 40: INTCONbits.PEIE = 1;
   317  0128  170B               	bsf	11,6	;volatile
   318                           
   319                           ;reloj.c: 41: INTCONbits.GIE = 1;
   320  0129  178B               	bsf	11,7	;volatile
   321                           
   322                           ;reloj.c: 42: TRISD = 0;
   323  012A  0188               	clrf	8	;volatile
   324                           
   325                           ;reloj.c: 43: TRISA0 = 1;
   326  012B  1405               	bsf	5,0	;volatile
   327                           
   328                           ;reloj.c: 44: TRISA1 = 1;
   329  012C  1485               	bsf	5,1	;volatile
   330                           
   331                           ;reloj.c: 45: ANSEL = 0x00;
   332  012D  1683               	bsf	3,5	;RP0=1, select bank3
   333  012E  1703               	bsf	3,6	;RP1=1, select bank3
   334  012F  0188               	clrf	8	;volatile
   335  0130                     l717:	
   336                           ;reloj.c: 47: while (1) {
   337                           
   338                           
   339                           ;reloj.c: 48: if (!PORTAbits.RA0) {
   340  0130  1283               	bcf	3,5	;RP0=0, select bank0
   341  0131  1303               	bcf	3,6	;RP1=0, select bank0
   342  0132  1805               	btfsc	5,0	;volatile
   343  0133  2955               	goto	l725
   344                           
   345                           ;reloj.c: 49: _delay((unsigned long)((50)*(8000000/4000.0)));
   346  0134  3082               	movlw	130
   347  0135  1283               	bcf	3,5	;RP0=0, select bank0
   348  0136  1303               	bcf	3,6	;RP1=0, select bank0
   349  0137  00AA               	movwf	??_main+1
   350  0138  30DD               	movlw	221
   351  0139  00A9               	movwf	??_main
   352  013A                     u557:	
   353  013A  0BA9               	decfsz	??_main,f
   354  013B  293A               	goto	u557
   355  013C  0BAA               	decfsz	??_main+1,f
   356  013D  293A               	goto	u557
   357                           
   358                           ;reloj.c: 50: flag_run = !flag_run;
   359  013E  1283               	bcf	3,5	;RP0=0, select bank0
   360  013F  1303               	bcf	3,6	;RP1=0, select bank0
   361  0140  082F               	movf	_flag_run,w
   362  0141  1D03               	btfss	3,2
   363  0142  2945               	goto	u420
   364  0143  3001               	movlw	1
   365  0144  2946               	goto	u430
   366  0145                     u420:	
   367  0145  3000               	movlw	0
   368  0146                     u430:	
   369  0146  00A9               	movwf	??_main
   370  0147  0829               	movf	??_main,w
   371  0148  00AF               	movwf	_flag_run
   372  0149                     l39:	
   373                           ;reloj.c: 51: while (!PORTAbits.RA0);
   374                           
   375  0149  1C05               	btfss	5,0	;volatile
   376  014A  2949               	goto	l39
   377                           
   378                           ;reloj.c: 52: _delay((unsigned long)((50)*(8000000/4000.0)));
   379  014B  3082               	movlw	130
   380  014C  1283               	bcf	3,5	;RP0=0, select bank0
   381  014D  1303               	bcf	3,6	;RP1=0, select bank0
   382  014E  00AA               	movwf	??_main+1
   383  014F  30DD               	movlw	221
   384  0150  00A9               	movwf	??_main
   385  0151                     u567:	
   386  0151  0BA9               	decfsz	??_main,f
   387  0152  2951               	goto	u567
   388  0153  0BAA               	decfsz	??_main+1,f
   389  0154  2951               	goto	u567
   390  0155                     l725:	
   391                           
   392                           ;reloj.c: 53: }
   393                           ;reloj.c: 54: if (!PORTAbits.RA1) {
   394  0155  1283               	bcf	3,5	;RP0=0, select bank0
   395  0156  1303               	bcf	3,6	;RP1=0, select bank0
   396  0157  1885               	btfsc	5,1	;volatile
   397  0158  2930               	goto	l717
   398                           
   399                           ;reloj.c: 55: _delay((unsigned long)((50)*(8000000/4000.0)));
   400  0159  3082               	movlw	130
   401  015A  1283               	bcf	3,5	;RP0=0, select bank0
   402  015B  1303               	bcf	3,6	;RP1=0, select bank0
   403  015C  00AA               	movwf	??_main+1
   404  015D  30DD               	movlw	221
   405  015E  00A9               	movwf	??_main
   406  015F                     u577:	
   407  015F  0BA9               	decfsz	??_main,f
   408  0160  295F               	goto	u577
   409  0161  0BAA               	decfsz	??_main+1,f
   410  0162  295F               	goto	u577
   411                           
   412                           ;reloj.c: 56: counter_segundos = 0;
   413  0163  1283               	bcf	3,5	;RP0=0, select bank0
   414  0164  1303               	bcf	3,6	;RP1=0, select bank0
   415  0165  01AB               	clrf	_counter_segundos
   416  0166  01AC               	clrf	_counter_segundos+1
   417                           
   418                           ;reloj.c: 57: flag_run = 0;
   419  0167  01AF               	clrf	_flag_run
   420  0168  2930               	goto	l717
   421  0169                     __end_of_main:	
   422                           ;reloj.c: 58: }
   423                           ;reloj.c: 59: }
   424                           ;reloj.c: 60: return 1;
   425                           ;	Return value of _main is never used
   426                           
   427                           
   428                           	psect	text1
   429  0020                     __ptext1:	
   430 ;; *************** function _ISR_TIMER_1 *****************
   431 ;; Defined at:
   432 ;;		line 63 in file "reloj.c"
   433 ;; Parameters:    Size  Location     Type
   434 ;;		None
   435 ;; Auto vars:     Size  Location     Type
   436 ;;		None
   437 ;; Return value:  Size  Location     Type
   438 ;;                  1    wreg      void 
   439 ;; Registers used:
   440 ;;		wreg, fsr0l, fsr0h, status,2, status,0, pclath, cstack
   441 ;; Tracked objects:
   442 ;;		On entry : 0/0
   443 ;;		On exit  : 0/0
   444 ;;		Unchanged: 0/0
   445 ;; Data sizes:     COMMON   BANK0   BANK1   BANK3   BANK2
   446 ;;      Params:         0       0       0       0       0
   447 ;;      Locals:         0       4       0       0       0
   448 ;;      Temps:          0       5       0       0       0
   449 ;;      Totals:         0       9       0       0       0
   450 ;;Total ram usage:        9 bytes
   451 ;; Hardware stack levels used:    1
   452 ;; Hardware stack levels required when called:    1
   453 ;; This function calls:
   454 ;;		___lwdiv
   455 ;;		___lwmod
   456 ;; This function is called by:
   457 ;;		Interrupt level 1
   458 ;; This function uses a non-reentrant model
   459 ;;
   460                           
   461                           
   462                           ;psect for function _ISR_TIMER_1
   463  0020                     _ISR_TIMER_1:	
   464                           
   465                           ;reloj.c: 64: if (PIE1bits.TMR1IE && PIR1bits.TMR1IF) {
   466  0020  1683               	bsf	3,5	;RP0=1, select bank1
   467  0021  1303               	bcf	3,6	;RP1=0, select bank1
   468  0022  1C0C               	btfss	12,0	;volatile
   469  0023  290B               	goto	i1l57
   470  0024  1283               	bcf	3,5	;RP0=0, select bank0
   471  0025  1303               	bcf	3,6	;RP1=0, select bank0
   472  0026  1C0C               	btfss	12,0	;volatile
   473  0027  290B               	goto	i1l57
   474                           
   475                           ;reloj.c: 65: TMR1H = 0xD8;
   476  0028  30D8               	movlw	216
   477  0029  008F               	movwf	15	;volatile
   478                           
   479                           ;reloj.c: 66: TMR1L = 0xEF;
   480  002A  30EF               	movlw	239
   481  002B  008E               	movwf	14	;volatile
   482                           
   483                           ;reloj.c: 68: if (++counter_20ms == 100 && flag_run) {
   484  002C  3001               	movlw	1
   485  002D  00A0               	movwf	??_ISR_TIMER_1
   486  002E  0820               	movf	??_ISR_TIMER_1,w
   487  002F  07AD               	addwf	_counter_20ms,f
   488  0030  3064               	movlw	100
   489  0031  062D               	xorwf	_counter_20ms,w
   490  0032  1D03               	btfss	3,2
   491  0033  28FC               	goto	i1l767
   492  0034  082F               	movf	_flag_run,w
   493  0035  1903               	btfsc	3,2
   494  0036  28FC               	goto	i1l767
   495                           
   496                           ;reloj.c: 69: counter_20ms = 0;
   497  0037  01AD               	clrf	_counter_20ms
   498                           
   499                           ;reloj.c: 70: if (++counter_segundos == 3600) {
   500  0038  3001               	movlw	1
   501  0039  07AB               	addwf	_counter_segundos,f
   502  003A  1803               	skipnc
   503  003B  0AAC               	incf	_counter_segundos+1,f
   504  003C  3000               	movlw	0
   505  003D  07AC               	addwf	_counter_segundos+1,f
   506  003E  3010               	movlw	16
   507  003F  062B               	xorwf	_counter_segundos,w
   508  0040  300E               	movlw	14
   509  0041  1903               	skipnz
   510  0042  062C               	xorwf	_counter_segundos+1,w
   511  0043  1D03               	btfss	3,2
   512  0044  28FC               	goto	i1l767
   513                           
   514                           ;reloj.c: 71: counter_segundos = 0;
   515  0045  01AB               	clrf	_counter_segundos
   516  0046  01AC               	clrf	_counter_segundos+1
   517                           
   518                           ;reloj.c: 72: }
   519                           ;reloj.c: 73: }
   520                           ;reloj.c: 75: switch (counter_digito) {
   521  0047  28FC               	goto	i1l767
   522  0048                     i1l749:	
   523                           ;reloj.c: 76: case 0:
   524                           
   525                           
   526                           ;reloj.c: 77: PORTD = (counter_digito << 4) + (counter_segundos / 60) / 10;
   527  0048  303C               	movlw	60
   528  0049  00F0               	movwf	___lwdiv@divisor
   529  004A  3000               	movlw	0
   530  004B  00F1               	movwf	___lwdiv@divisor+1
   531  004C  082C               	movf	_counter_segundos+1,w
   532  004D  00F3               	movwf	___lwdiv@dividend+1
   533  004E  082B               	movf	_counter_segundos,w
   534  004F  00F2               	movwf	___lwdiv@dividend
   535  0050  120A  118A  2169  120A  118A  	fcall	___lwdiv
   536  0055  0871               	movf	?___lwdiv+1,w
   537  0056  1283               	bcf	3,5	;RP0=0, select bank0
   538  0057  1303               	bcf	3,6	;RP1=0, select bank0
   539  0058  00A6               	movwf	_ISR_TIMER_1$593+1
   540  0059  0870               	movf	?___lwdiv,w
   541  005A  00A5               	movwf	_ISR_TIMER_1$593
   542                           
   543                           ;reloj.c: 77: PORTD = (counter_digito << 4) + (counter_segundos / 60) / 10;
   544  005B  082E               	movf	_counter_digito,w
   545  005C  00A0               	movwf	??_ISR_TIMER_1
   546  005D  3004               	movlw	4
   547  005E                     u51_25:	
   548  005E  1003               	clrc
   549  005F  0DA0               	rlf	??_ISR_TIMER_1,f
   550  0060  3EFF               	addlw	-1
   551  0061  1D03               	skipz
   552  0062  285E               	goto	u51_25
   553  0063  300A               	movlw	10
   554  0064  00F0               	movwf	___lwdiv@divisor
   555  0065  3000               	movlw	0
   556  0066  00F1               	movwf	___lwdiv@divisor+1
   557  0067  0826               	movf	_ISR_TIMER_1$593+1,w
   558  0068  00F3               	movwf	___lwdiv@dividend+1
   559  0069  0825               	movf	_ISR_TIMER_1$593,w
   560  006A  00F2               	movwf	___lwdiv@dividend
   561  006B  120A  118A  2169  120A  118A  	fcall	___lwdiv
   562  0070  0870               	movf	?___lwdiv,w
   563  0071  1283               	bcf	3,5	;RP0=0, select bank0
   564  0072  1303               	bcf	3,6	;RP1=0, select bank0
   565  0073  0720               	addwf	??_ISR_TIMER_1,w
   566  0074  0088               	movwf	8	;volatile
   567                           
   568                           ;reloj.c: 78: counter_digito = 1;
   569  0075  01AE               	clrf	_counter_digito
   570  0076  0AAE               	incf	_counter_digito,f
   571                           
   572                           ;reloj.c: 79: break;
   573  0077  290A               	goto	i1l53
   574  0078                     i1l753:	
   575                           ;reloj.c: 80: case 1:
   576                           
   577                           
   578                           ;reloj.c: 81: PORTD = (counter_digito << 4) + (counter_segundos / 60) % 10;
   579  0078  082E               	movf	_counter_digito,w
   580  0079  00A0               	movwf	??_ISR_TIMER_1
   581  007A  3004               	movlw	4
   582  007B                     u52_25:	
   583  007B  1003               	clrc
   584  007C  0DA0               	rlf	??_ISR_TIMER_1,f
   585  007D  3EFF               	addlw	-1
   586  007E  1D03               	skipz
   587  007F  287B               	goto	u52_25
   588  0080  300A               	movlw	10
   589  0081  00F8               	movwf	___lwmod@divisor
   590  0082  3000               	movlw	0
   591  0083  00F9               	movwf	___lwmod@divisor+1
   592  0084  303C               	movlw	60
   593  0085  00F0               	movwf	___lwdiv@divisor
   594  0086  3000               	movlw	0
   595  0087  00F1               	movwf	___lwdiv@divisor+1
   596  0088  082C               	movf	_counter_segundos+1,w
   597  0089  00F3               	movwf	___lwdiv@dividend+1
   598  008A  082B               	movf	_counter_segundos,w
   599  008B  00F2               	movwf	___lwdiv@dividend
   600  008C  120A  118A  2169  120A  118A  	fcall	___lwdiv
   601  0091  0871               	movf	?___lwdiv+1,w
   602  0092  00FB               	movwf	___lwmod@dividend+1
   603  0093  0870               	movf	?___lwdiv,w
   604  0094  00FA               	movwf	___lwmod@dividend
   605  0095  120A  118A  21A5  120A  118A  	fcall	___lwmod
   606  009A  0878               	movf	?___lwmod,w
   607  009B  1283               	bcf	3,5	;RP0=0, select bank0
   608  009C  1303               	bcf	3,6	;RP1=0, select bank0
   609  009D  0720               	addwf	??_ISR_TIMER_1,w
   610  009E  0088               	movwf	8	;volatile
   611                           
   612                           ;reloj.c: 82: counter_digito = 2;
   613  009F  3002               	movlw	2
   614  00A0  28C9               	goto	L1
   615  00A1                     i1l757:	
   616                           ;reloj.c: 84: case 2:
   617                           
   618                           ;reloj.c: 83: break;
   619                           
   620                           
   621                           ;reloj.c: 85: PORTD = (counter_digito << 4) + (counter_segundos % 60) / 10;
   622  00A1  082E               	movf	_counter_digito,w
   623  00A2  00A0               	movwf	??_ISR_TIMER_1
   624  00A3  3004               	movlw	4
   625  00A4                     u53_25:	
   626  00A4  1003               	clrc
   627  00A5  0DA0               	rlf	??_ISR_TIMER_1,f
   628  00A6  3EFF               	addlw	-1
   629  00A7  1D03               	skipz
   630  00A8  28A4               	goto	u53_25
   631  00A9  300A               	movlw	10
   632  00AA  00F0               	movwf	___lwdiv@divisor
   633  00AB  3000               	movlw	0
   634  00AC  00F1               	movwf	___lwdiv@divisor+1
   635  00AD  082C               	movf	_counter_segundos+1,w
   636  00AE  00FB               	movwf	___lwmod@dividend+1
   637  00AF  082B               	movf	_counter_segundos,w
   638  00B0  00FA               	movwf	___lwmod@dividend
   639  00B1  303C               	movlw	60
   640  00B2  00F8               	movwf	___lwmod@divisor
   641  00B3  3000               	movlw	0
   642  00B4  00F9               	movwf	___lwmod@divisor+1
   643  00B5  120A  118A  21A5  120A  118A  	fcall	___lwmod
   644  00BA  0879               	movf	?___lwmod+1,w
   645  00BB  00F3               	movwf	___lwdiv@dividend+1
   646  00BC  0878               	movf	?___lwmod,w
   647  00BD  00F2               	movwf	___lwdiv@dividend
   648  00BE  120A  118A  2169  120A  118A  	fcall	___lwdiv
   649  00C3  0870               	movf	?___lwdiv,w
   650  00C4  1283               	bcf	3,5	;RP0=0, select bank0
   651  00C5  1303               	bcf	3,6	;RP1=0, select bank0
   652  00C6  0720               	addwf	??_ISR_TIMER_1,w
   653  00C7  0088               	movwf	8	;volatile
   654                           
   655                           ;reloj.c: 86: counter_digito = 3;
   656  00C8  3003               	movlw	3
   657  00C9                     L1:	
   658  00C9  00A0               	movwf	??_ISR_TIMER_1
   659  00CA  0820               	movf	??_ISR_TIMER_1,w
   660  00CB  00AE               	movwf	_counter_digito
   661                           
   662                           ;reloj.c: 87: break;
   663  00CC  290A               	goto	i1l53
   664  00CD                     i1l761:	
   665                           ;reloj.c: 88: case 3:
   666                           
   667                           
   668                           ;reloj.c: 89: PORTD = (counter_digito << 4) + (counter_segundos % 60) % 10;
   669  00CD  082C               	movf	_counter_segundos+1,w
   670  00CE  00FB               	movwf	___lwmod@dividend+1
   671  00CF  082B               	movf	_counter_segundos,w
   672  00D0  00FA               	movwf	___lwmod@dividend
   673  00D1  303C               	movlw	60
   674  00D2  00F8               	movwf	___lwmod@divisor
   675  00D3  3000               	movlw	0
   676  00D4  00F9               	movwf	___lwmod@divisor+1
   677  00D5  120A  118A  21A5  120A  118A  	fcall	___lwmod
   678  00DA  0879               	movf	?___lwmod+1,w
   679  00DB  1283               	bcf	3,5	;RP0=0, select bank0
   680  00DC  1303               	bcf	3,6	;RP1=0, select bank0
   681  00DD  00A8               	movwf	_ISR_TIMER_1$594+1
   682  00DE  0878               	movf	?___lwmod,w
   683  00DF  00A7               	movwf	_ISR_TIMER_1$594
   684                           
   685                           ;reloj.c: 89: PORTD = (counter_digito << 4) + (counter_segundos % 60) % 10;
   686  00E0  082E               	movf	_counter_digito,w
   687  00E1  00A0               	movwf	??_ISR_TIMER_1
   688  00E2  3004               	movlw	4
   689  00E3                     u54_25:	
   690  00E3  1003               	clrc
   691  00E4  0DA0               	rlf	??_ISR_TIMER_1,f
   692  00E5  3EFF               	addlw	-1
   693  00E6  1D03               	skipz
   694  00E7  28E3               	goto	u54_25
   695  00E8  300A               	movlw	10
   696  00E9  00F8               	movwf	___lwmod@divisor
   697  00EA  3000               	movlw	0
   698  00EB  00F9               	movwf	___lwmod@divisor+1
   699  00EC  0828               	movf	_ISR_TIMER_1$594+1,w
   700  00ED  00FB               	movwf	___lwmod@dividend+1
   701  00EE  0827               	movf	_ISR_TIMER_1$594,w
   702  00EF  00FA               	movwf	___lwmod@dividend
   703  00F0  120A  118A  21A5  120A  118A  	fcall	___lwmod
   704  00F5  0878               	movf	?___lwmod,w
   705  00F6  1283               	bcf	3,5	;RP0=0, select bank0
   706  00F7  1303               	bcf	3,6	;RP1=0, select bank0
   707  00F8  0720               	addwf	??_ISR_TIMER_1,w
   708  00F9  0088               	movwf	8	;volatile
   709                           
   710                           ;reloj.c: 90: counter_digito = 0;
   711  00FA  01AE               	clrf	_counter_digito
   712                           
   713                           ;reloj.c: 92: }
   714                           
   715                           ;reloj.c: 91: break;
   716  00FB  290A               	goto	i1l53
   717  00FC                     i1l767:	
   718  00FC  082E               	movf	_counter_digito,w
   719                           
   720                           ; Switch size 1, requested type "space"
   721                           ; Number of cases is 4, Range of values is 0 to 3
   722                           ; switch strategies available:
   723                           ; Name         Instructions Cycles
   724                           ; simple_byte           13     7 (average)
   725                           ; direct_byte           20     8 (fixed)
   726                           ; jumptable            260     6 (fixed)
   727                           ;	Chosen strategy is simple_byte
   728  00FD  3A00               	xorlw	0	; case 0
   729  00FE  1903               	skipnz
   730  00FF  2848               	goto	i1l749
   731  0100  3A01               	xorlw	1	; case 1
   732  0101  1903               	skipnz
   733  0102  2878               	goto	i1l753
   734  0103  3A03               	xorlw	3	; case 2
   735  0104  1903               	skipnz
   736  0105  28A1               	goto	i1l757
   737  0106  3A01               	xorlw	1	; case 3
   738  0107  1903               	skipnz
   739  0108  28CD               	goto	i1l761
   740  0109  290A               	goto	i1l53
   741  010A                     i1l53:	
   742                           
   743                           ;reloj.c: 94: PIR1bits.TMR1IF = 0;
   744  010A  100C               	bcf	12,0	;volatile
   745  010B                     i1l57:	
   746  010B  1283               	bcf	3,5	;RP0=0, select bank0
   747  010C  0824               	movf	??_ISR_TIMER_1+4,w
   748  010D  00FF               	movwf	127
   749  010E  0823               	movf	??_ISR_TIMER_1+3,w
   750  010F  008A               	movwf	10
   751  0110  0822               	movf	??_ISR_TIMER_1+2,w
   752  0111  0084               	movwf	4
   753  0112  0E21               	swapf	(??_ISR_TIMER_1+1)^0,w
   754  0113  0083               	movwf	3
   755  0114  0EFE               	swapf	126,f
   756  0115  0E7E               	swapf	126,w
   757  0116  0009               	retfie
   758  0117                     __end_of_ISR_TIMER_1:	
   759                           
   760                           	psect	intentry
   761  0004                     __pintentry:	
   762                           ;incstack = 0
   763                           ; Regs used in _ISR_TIMER_1: [wreg-fsr0h+status,2+status,0+pclath+cstack]
   764                           
   765  0004                     interrupt_function:	
   766  007E                     saved_w	set	btemp
   767  0004  00FE               	movwf	btemp
   768  0005  0E03               	swapf	3,w
   769  0006  1283               	bcf	3,5	;RP0=0, select bank0
   770  0007  1303               	bcf	3,6	;RP1=0, select bank0
   771  0008  00A1               	movwf	??_ISR_TIMER_1+1
   772  0009  0804               	movf	4,w
   773  000A  00A2               	movwf	??_ISR_TIMER_1+2
   774  000B  080A               	movf	10,w
   775  000C  00A3               	movwf	??_ISR_TIMER_1+3
   776  000D  087F               	movf	btemp+1,w
   777  000E  00A4               	movwf	??_ISR_TIMER_1+4
   778  000F  120A  118A  2820   	ljmp	_ISR_TIMER_1
   779                           
   780                           	psect	text2
   781  01A5                     __ptext2:	
   782 ;; *************** function ___lwmod *****************
   783 ;; Defined at:
   784 ;;		line 6 in file "D:\mplab\sources\common\lwmod.c"
   785 ;; Parameters:    Size  Location     Type
   786 ;;  divisor         2    8[COMMON] unsigned int 
   787 ;;  dividend        2   10[COMMON] unsigned int 
   788 ;; Auto vars:     Size  Location     Type
   789 ;;  counter         1   13[COMMON] unsigned char 
   790 ;; Return value:  Size  Location     Type
   791 ;;                  2    8[COMMON] unsigned int 
   792 ;; Registers used:
   793 ;;		wreg, status,2, status,0
   794 ;; Tracked objects:
   795 ;;		On entry : 0/0
   796 ;;		On exit  : 0/0
   797 ;;		Unchanged: 0/0
   798 ;; Data sizes:     COMMON   BANK0   BANK1   BANK3   BANK2
   799 ;;      Params:         4       0       0       0       0
   800 ;;      Locals:         1       0       0       0       0
   801 ;;      Temps:          1       0       0       0       0
   802 ;;      Totals:         6       0       0       0       0
   803 ;;Total ram usage:        6 bytes
   804 ;; Hardware stack levels used:    1
   805 ;; This function calls:
   806 ;;		Nothing
   807 ;; This function is called by:
   808 ;;		_ISR_TIMER_1
   809 ;; This function uses a non-reentrant model
   810 ;;
   811                           
   812                           
   813                           ;psect for function ___lwmod
   814  01A5                     ___lwmod:	
   815                           
   816                           ;incstack = 0
   817                           ; Regs used in ___lwmod: [wreg+status,2+status,0]
   818  01A5  0878               	movf	___lwmod@divisor,w
   819  01A6  0479               	iorwf	___lwmod@divisor+1,w
   820  01A7  1903               	btfsc	3,2
   821  01A8  29D2               	goto	i1l687
   822  01A9  01FD               	clrf	___lwmod@counter
   823  01AA  0AFD               	incf	___lwmod@counter,f
   824  01AB                     i1l677:	
   825  01AB  1BF9               	btfsc	___lwmod@divisor+1,7
   826  01AC  29B9               	goto	i1l679
   827  01AD  3001               	movlw	1
   828  01AE                     u36_25:	
   829  01AE  1003               	clrc
   830  01AF  0DF8               	rlf	___lwmod@divisor,f
   831  01B0  0DF9               	rlf	___lwmod@divisor+1,f
   832  01B1  3EFF               	addlw	-1
   833  01B2  1D03               	skipz
   834  01B3  29AE               	goto	u36_25
   835  01B4  3001               	movlw	1
   836  01B5  00FC               	movwf	??___lwmod
   837  01B6  087C               	movf	??___lwmod,w
   838  01B7  07FD               	addwf	___lwmod@counter,f
   839  01B8  29AB               	goto	i1l677
   840  01B9                     i1l679:	
   841  01B9  0879               	movf	___lwmod@divisor+1,w
   842  01BA  027B               	subwf	___lwmod@dividend+1,w
   843  01BB  1D03               	skipz
   844  01BC  29BF               	goto	u38_25
   845  01BD  0878               	movf	___lwmod@divisor,w
   846  01BE  027A               	subwf	___lwmod@dividend,w
   847  01BF                     u38_25:	
   848  01BF  1C03               	skipc
   849  01C0  29C7               	goto	i1l683
   850  01C1  0878               	movf	___lwmod@divisor,w
   851  01C2  02FA               	subwf	___lwmod@dividend,f
   852  01C3  0879               	movf	___lwmod@divisor+1,w
   853  01C4  1C03               	skipc
   854  01C5  03FB               	decf	___lwmod@dividend+1,f
   855  01C6  02FB               	subwf	___lwmod@dividend+1,f
   856  01C7                     i1l683:	
   857  01C7  3001               	movlw	1
   858  01C8                     u39_25:	
   859  01C8  1003               	clrc
   860  01C9  0CF9               	rrf	___lwmod@divisor+1,f
   861  01CA  0CF8               	rrf	___lwmod@divisor,f
   862  01CB  3EFF               	addlw	-1
   863  01CC  1D03               	skipz
   864  01CD  29C8               	goto	u39_25
   865  01CE  3001               	movlw	1
   866  01CF  02FD               	subwf	___lwmod@counter,f
   867  01D0  1D03               	btfss	3,2
   868  01D1  29B9               	goto	i1l679
   869  01D2                     i1l687:	
   870  01D2  087B               	movf	___lwmod@dividend+1,w
   871  01D3  00F9               	movwf	?___lwmod+1
   872  01D4  087A               	movf	___lwmod@dividend,w
   873  01D5  00F8               	movwf	?___lwmod
   874  01D6  0008               	return
   875  01D7                     __end_of___lwmod:	
   876                           
   877                           	psect	text3
   878  0169                     __ptext3:	
   879 ;; *************** function ___lwdiv *****************
   880 ;; Defined at:
   881 ;;		line 6 in file "D:\mplab\sources\common\lwdiv.c"
   882 ;; Parameters:    Size  Location     Type
   883 ;;  divisor         2    0[COMMON] unsigned int 
   884 ;;  dividend        2    2[COMMON] unsigned int 
   885 ;; Auto vars:     Size  Location     Type
   886 ;;  quotient        2    5[COMMON] unsigned int 
   887 ;;  counter         1    7[COMMON] unsigned char 
   888 ;; Return value:  Size  Location     Type
   889 ;;                  2    0[COMMON] unsigned int 
   890 ;; Registers used:
   891 ;;		wreg, status,2, status,0
   892 ;; Tracked objects:
   893 ;;		On entry : 0/0
   894 ;;		On exit  : 0/0
   895 ;;		Unchanged: 0/0
   896 ;; Data sizes:     COMMON   BANK0   BANK1   BANK3   BANK2
   897 ;;      Params:         4       0       0       0       0
   898 ;;      Locals:         3       0       0       0       0
   899 ;;      Temps:          1       0       0       0       0
   900 ;;      Totals:         8       0       0       0       0
   901 ;;Total ram usage:        8 bytes
   902 ;; Hardware stack levels used:    1
   903 ;; This function calls:
   904 ;;		Nothing
   905 ;; This function is called by:
   906 ;;		_ISR_TIMER_1
   907 ;; This function uses a non-reentrant model
   908 ;;
   909                           
   910                           
   911                           ;psect for function ___lwdiv
   912  0169                     ___lwdiv:	
   913                           
   914                           ;incstack = 0
   915                           ; Regs used in ___lwdiv: [wreg+status,2+status,0]
   916  0169  01F5               	clrf	___lwdiv@quotient
   917  016A  01F6               	clrf	___lwdiv@quotient+1
   918  016B  0870               	movf	___lwdiv@divisor,w
   919  016C  0471               	iorwf	___lwdiv@divisor+1,w
   920  016D  1903               	btfsc	3,2
   921  016E  29A0               	goto	i1l665
   922  016F  01F7               	clrf	___lwdiv@counter
   923  0170  0AF7               	incf	___lwdiv@counter,f
   924  0171                     i1l653:	
   925  0171  1BF1               	btfsc	___lwdiv@divisor+1,7
   926  0172  297F               	goto	i1l655
   927  0173  3001               	movlw	1
   928  0174                     u29_25:	
   929  0174  1003               	clrc
   930  0175  0DF0               	rlf	___lwdiv@divisor,f
   931  0176  0DF1               	rlf	___lwdiv@divisor+1,f
   932  0177  3EFF               	addlw	-1
   933  0178  1D03               	skipz
   934  0179  2974               	goto	u29_25
   935  017A  3001               	movlw	1
   936  017B  00F4               	movwf	??___lwdiv
   937  017C  0874               	movf	??___lwdiv,w
   938  017D  07F7               	addwf	___lwdiv@counter,f
   939  017E  2971               	goto	i1l653
   940  017F                     i1l655:	
   941  017F  3001               	movlw	1
   942  0180                     u31_25:	
   943  0180  1003               	clrc
   944  0181  0DF5               	rlf	___lwdiv@quotient,f
   945  0182  0DF6               	rlf	___lwdiv@quotient+1,f
   946  0183  3EFF               	addlw	-1
   947  0184  1D03               	skipz
   948  0185  2980               	goto	u31_25
   949  0186  0871               	movf	___lwdiv@divisor+1,w
   950  0187  0273               	subwf	___lwdiv@dividend+1,w
   951  0188  1D03               	skipz
   952  0189  298C               	goto	u32_25
   953  018A  0870               	movf	___lwdiv@divisor,w
   954  018B  0272               	subwf	___lwdiv@dividend,w
   955  018C                     u32_25:	
   956  018C  1C03               	skipc
   957  018D  2995               	goto	i1l661
   958  018E  0870               	movf	___lwdiv@divisor,w
   959  018F  02F2               	subwf	___lwdiv@dividend,f
   960  0190  0871               	movf	___lwdiv@divisor+1,w
   961  0191  1C03               	skipc
   962  0192  03F3               	decf	___lwdiv@dividend+1,f
   963  0193  02F3               	subwf	___lwdiv@dividend+1,f
   964  0194  1475               	bsf	___lwdiv@quotient,0
   965  0195                     i1l661:	
   966  0195  3001               	movlw	1
   967  0196                     u33_25:	
   968  0196  1003               	clrc
   969  0197  0CF1               	rrf	___lwdiv@divisor+1,f
   970  0198  0CF0               	rrf	___lwdiv@divisor,f
   971  0199  3EFF               	addlw	-1
   972  019A  1D03               	skipz
   973  019B  2996               	goto	u33_25
   974  019C  3001               	movlw	1
   975  019D  02F7               	subwf	___lwdiv@counter,f
   976  019E  1D03               	btfss	3,2
   977  019F  297F               	goto	i1l655
   978  01A0                     i1l665:	
   979  01A0  0876               	movf	___lwdiv@quotient+1,w
   980  01A1  00F1               	movwf	?___lwdiv+1
   981  01A2  0875               	movf	___lwdiv@quotient,w
   982  01A3  00F0               	movwf	?___lwdiv
   983  01A4  0008               	return
   984  01A5                     __end_of___lwdiv:	
   985  007E                     btemp	set	126	;btemp
   986  007E                     wtemp0	set	126


Data Sizes:
    Strings     0
    Constant    0
    Data        0
    BSS         5
    Persistent  0
    Stack       0

Auto Spaces:
    Space          Size  Autos    Used
    COMMON           14     14      14
    BANK0            80     11      16
    BANK1            80      0       0
    BANK3            96      0       0
    BANK2            96      0       0

Pointer List with Targets:

    None.

Critical Paths under _main in COMMON

    None.

Critical Paths under _ISR_TIMER_1 in COMMON

    _ISR_TIMER_1->___lwmod
    ___lwmod->___lwdiv

Critical Paths under _main in BANK0

    None.

Critical Paths under _ISR_TIMER_1 in BANK0

    None.

Critical Paths under _main in BANK1

    None.

Critical Paths under _ISR_TIMER_1 in BANK1

    None.

Critical Paths under _main in BANK3

    None.

Critical Paths under _ISR_TIMER_1 in BANK3

    None.

Critical Paths under _main in BANK2

    None.

Critical Paths under _ISR_TIMER_1 in BANK2

    None.

Call Graph Tables:

 ---------------------------------------------------------------------------------
 (Depth) Function   	        Calls       Base Space   Used Autos Params    Refs
 ---------------------------------------------------------------------------------
 (0) _main                                                 2     2      0       0
                                              9 BANK0      2     2      0
 ---------------------------------------------------------------------------------
 Estimated maximum stack depth 0
 ---------------------------------------------------------------------------------
 (Depth) Function   	        Calls       Base Space   Used Autos Params    Refs
 ---------------------------------------------------------------------------------
 (1) _ISR_TIMER_1                                          9     9      0    1215
                                              0 BANK0      9     9      0
                            ___lwdiv
                            ___lwmod
 ---------------------------------------------------------------------------------
 (2) ___lwmod                                              6     2      4     583
                                              8 COMMON     6     2      4
                            ___lwdiv (ARG)
 ---------------------------------------------------------------------------------
 (2) ___lwdiv                                              8     4      4     586
                                              0 COMMON     8     4      4
 ---------------------------------------------------------------------------------
 Estimated maximum stack depth 2
 ---------------------------------------------------------------------------------

 Call Graph Graphs:

 _main (ROOT)

 _ISR_TIMER_1 (ROOT)
   ___lwdiv
   ___lwmod
     ___lwdiv (ARG)

 Address spaces:
Name               Size   Autos  Total    Cost      Usage
BITCOMMON            E      0       0       0        0.0%
EEDATA             100      0       0       0        0.0%
NULL                 0      0       0       0        0.0%
CODE                 0      0       0       0        0.0%
COMMON               E      E       E       1      100.0%
BITSFR0              0      0       0       1        0.0%
SFR0                 0      0       0       1        0.0%
BITSFR1              0      0       0       2        0.0%
SFR1                 0      0       0       2        0.0%
STACK                0      0       0       2        0.0%
ABS                  0      0      1E       3        0.0%
BITBANK0            50      0       0       4        0.0%
BITSFR3              0      0       0       4        0.0%
SFR3                 0      0       0       4        0.0%
BANK0               50      B      10       5       20.0%
BITSFR2              0      0       0       5        0.0%
SFR2                 0      0       0       5        0.0%
BITBANK1            50      0       0       6        0.0%
BANK1               50      0       0       7        0.0%
BITBANK3            60      0       0       8        0.0%
BANK3               60      0       0       9        0.0%
BITBANK2            60      0       0      10        0.0%
BANK2               60      0       0      11        0.0%
DATA                 0      0      1E      12        0.0%


Microchip Technology PIC Macro Assembler V1.41 build -162212810 
Symbol Table                                                                                   Thu Feb 24 17:29:49 2022

            __CFG_CP$OFF 0000                       l39 0149              __CFG_LVP$ON 0000  
                    l725 0155                      l717 0130                      u420 0145  
                    u430 0146             __CFG_CPD$OFF 0000                      u557 013A  
                    u567 0151                      u577 015F                      fsr0 0004  
           __CFG_IESO$ON 0000             __CFG_FOSC$XT 0000                     i1l53 010A  
                   i1l57 010B             __CFG_WRT$OFF 0000            __CFG_FCMEN$ON 0000  
                   _main 0117                     btemp 007E            __CFG_BOREN$ON 0000  
                   start 0012            __CFG_MCLRE$ON 0000                    ?_main 0070  
          __CFG_WDTE$OFF 0000                    _ANSEL 0188          __end_of___lwdiv 01A5  
        __end_of___lwmod 01D7                    i1l661 0195                    i1l653 0171  
                  i1l655 017F                    i1l665 01A0                    i1l761 00CD  
                  i1l753 0078                    i1l683 01C7                    i1l677 01AB  
                  i1l757 00A1                    i1l749 0048                    i1l679 01B9  
                  i1l687 01D2                    i1l767 00FC                    u31_25 0180  
                  u32_25 018C                    _TMR1H 000F                    u33_25 0196  
                  _TMR1L 000E                    _PORTD 0008                    u51_25 005E  
                  u36_25 01AE                    u52_25 007B                    u29_25 0174  
                  u53_25 00A4                    u38_25 01BF                    u54_25 00E3  
                  u39_25 01C8                    _TRISD 0088                    pclath 000A  
                  status 0003                    wtemp0 007E          __initialization 0015  
           ?_ISR_TIMER_1 0070             __end_of_main 0169                   ??_main 0029  
                 _TRISA0 0428                   _TRISA1 0429           __CFG_PWRTE$OFF 0000  
              ??___lwdiv 0074                ??___lwmod 007C                   saved_w 007E  
__end_of__initialization 001C           __pcstackCOMMON 0070               __pbssBANK0 002B  
             __pmaintext 0117           _counter_digito 002E               __pintentry 0004  
   __size_of_ISR_TIMER_1 00F7         _counter_segundos 002B                  ___lwdiv 0169  
                ___lwmod 01A5                  __ptext1 0020                  __ptext2 01A5  
                __ptext3 0169                _T1CONbits 0010     end_of_initialization 001C  
              _PORTAbits 0005      start_initialization 0015             _counter_20ms 002D  
              ___latbits 0002            __pcstackBANK0 0020         ___lwdiv@dividend 0072  
          ??_ISR_TIMER_1 0020                 ?___lwdiv 0070                 ?___lwmod 0078  
       ___lwdiv@quotient 0075        interrupt_function 0004                 _PIE1bits 008C  
               _PIR1bits 000C      __end_of_ISR_TIMER_1 0117         __size_of___lwdiv 003C  
       __size_of___lwmod 0032          ___lwdiv@divisor 0070          ___lwdiv@counter 0077  
               _flag_run 002F        __CFG_BOR4V$BOR40V 0000            __size_of_main 0052  
            _ISR_TIMER_1 0020               _INTCONbits 000B                 intlevel1 0000  
        _ISR_TIMER_1$593 0025          _ISR_TIMER_1$594 0027         ___lwmod@dividend 007A  
        ___lwmod@divisor 0078          ___lwmod@counter 007D  
